build/app/intermediates/proguard-rules/debug/aapt_rules.txt
# Referenced at merged_manifests\debug\AndroidManifest.xml:22
-keep class androidx.core.app.CoreComponentFactory { <init>(); }
# Referenced at merged_manifests\debug\AndroidManifest.xml:28
-keep class com.example.nueva_temporada.MainActivity { <init>(); }
# Referenced at merged_manifests\debug\AndroidManifest.xml:22
-keep class io.flutter.app.FlutterApplication { <init>(); }