build/app/outputs/mapping/debug/mapping.txt
# compiler: R8
# compiler_version: 1.5.64
# min_api: 21
# pg_map_id: caa6853
com.example.nueva_temporada.MainActivity -> com.example.nueva_temporada.MainActivity:
    5:5:void <init>() -> <init>
...
io.flutter.embedding.engine.dart.DartExecutor$1 -> io.flutter.embedding.engine.e.a$a:
    io.flutter.embedding.engine.dart.DartExecutor this$0 -> a
    48:48:void <init>(io.flutter.embedding.engine.dart.DartExecutor) -> <init>
    51:55:void onMessage(java.nio.ByteBuffer,io.flutter.plugin.common.BinaryMessenger$BinaryReply) -> a
io.flutter.embedding.engine.dart.DartExecutor$DartEntrypoint -> io.flutter.embedding.engine.e.a$b:
    java.lang.String pathToBundle -> a
    java.lang.String dartEntrypointFunctionName -> c
    java.lang.String dartEntrypointLibrary -> b
    282:286:void <init>(java.lang.String,java.lang.String) -> <init>
    309:310:boolean equals(java.lang.Object) -> equals
    320:322:int hashCode() -> hashCode
    300:300:java.lang.String toString() -> toString
io.flutter.embedding.engine.dart.DartExecutor$DefaultBinaryMessenger -> io.flutter.embedding.engine.e.a$c:
    io.flutter.embedding.engine.dart.DartMessenger messenger -> a
    362:362:void <init>(io.flutter.embedding.engine.dart.DartMessenger,io.flutter.embedding.engine.dart.DartExecutor$1) -> <init>
    365:367:void <init>(io.flutter.embedding.engine.dart.DartMessenger) -> <init>
    397:398:void send(java.lang.String,java.nio.ByteBuffer,io.flutter.plugin.common.BinaryMessenger$BinaryReply) -> a
    412:413:void setMessageHandler(java.lang.String,io.flutter.plugin.common.BinaryMessenger$BinaryMessageHandler) -> a
io.flutter.embedding.engine.dart.DartExecutor$IsolateServiceIdListener -> io.flutter.embedding.engine.e.a$d:
    void onIsolateServiceIdAvailable(java.lang.String) -> a
io.flutter.embedding.engine.dart.DartMessenger -> io.flutter.embedding.engine.e.b:
    io.flutter.embedding.engine.FlutterJNI flutterJNI -> a
    java.util.Map messageHandlers -> b
    java.util.Map pendingReplies -> c
    int nextReplyId -> d
    33:37:void <init>(io.flutter.embedding.engine.FlutterJNI) -> <init>
    42:49:void setMessageHandler(java.lang.String,io.flutter.plugin.common.BinaryMessenger$BinaryMessageHandler) -> a
    63:74:void send(java.lang.String,java.nio.ByteBuffer,io.flutter.plugin.common.BinaryMessenger$BinaryReply) -> a
    79:96:void handleMessageFromDart(java.lang.String,byte[],int) -> a
    100:112:void handlePlatformMessageResponse(int,byte[]) -> a
    135:137:void handleError(java.lang.Error) -> a
io.flutter.embedding.engine.dart.DartMessenger$Reply -> io.flutter.embedding.engine.e.b$a:
    io.flutter.embedding.engine.FlutterJNI flutterJNI -> a
    java.util.concurrent.atomic.AtomicBoolean done -> c
    int replyId -> b
    147:150:void <init>(io.flutter.embedding.engine.FlutterJNI,int) -> <init>
    154:155:void reply(java.nio.ByteBuffer) -> a
io.flutter.embedding.engine.dart.PlatformMessageHandler -> io.flutter.embedding.engine.e.c:
    void handleMessageFromDart(java.lang.String,byte[],int) -> a
    void handlePlatformMessageResponse(int,byte[]) -> a
io.flutter.embedding.engine.deferredcomponents.DeferredComponentManager -> io.flutter.embedding.engine.f.a:
    void destroy() -> a
    java.lang.String getDeferredComponentInstallState(int,java.lang.String) -> a
    void setDeferredComponentChannel(io.flutter.embedding.engine.systemchannels.DeferredComponentChannel) -> a
    void setJNI(io.flutter.embedding.engine.FlutterJNI) -> a
    void installDeferredComponent(int,java.lang.String) -> b
    boolean uninstallDeferredComponent(int,java.lang.String) -> c